<?xml version="1.0" encoding="utf-8"?><testsuite errors="0" failures="0" name="pytest" skips="0" tests="9" time="0.056"><testcase classname="test.index_test.TestOneToManyRelationships" file="test/index_test.py" line="56" name="test_car_class_method" time="0.0011243820190429688"></testcase><testcase classname="test.index_test.TestOneToManyRelationships" file="test/index_test.py" line="38" name="test_car_property_methods" time="0.0007812976837158203"></testcase><testcase classname="test.index_test.TestOneToManyRelationships" file="test/index_test.py" line="34" name="test_driver_property_methods" time="0.0009255409240722656"></testcase><testcase classname="test.index_test.TestOneToManyRelationships" file="test/index_test.py" line="64" name="test_find_my_cars_instance_method" time="0.0011556148529052734"></testcase><testcase classname="test.index_test.TestOneToManyRelationships" file="test/index_test.py" line="70" name="test_my_trip_summaries_instance_method" time="0.0010476112365722656"></testcase><testcase classname="test.index_test.TestOneToManyRelationships" file="test/index_test.py" line="67" name="test_my_trips_instance_method" time="0.0008900165557861328"></testcase><testcase classname="test.index_test.TestOneToManyRelationships" file="test/index_test.py" line="28" name="test_owner_property_methods" time="0.0007946491241455078"></testcase><testcase classname="test.index_test.TestOneToManyRelationships" file="test/index_test.py" line="60" name="test_trip_class_method" time="0.0007338523864746094"></testcase><testcase classname="test.index_test.TestOneToManyRelationships" file="test/index_test.py" line="48" name="test_trip_property_methods" time="0.0007128715515136719"></testcase></testsuite>